Building...
/home/ubuntu/pictoflow-Backend/Migrations/20240430173936_updateuser.cs(8,26): warning CS8981: The type name 'updateuser' only contains lower-cased ascii characters. Such names may become reserved for the language. [/home/ubuntu/pictoflow-Backend/pictoflow-Backend.csproj]
/home/ubuntu/pictoflow-Backend/Migrations/20240430173936_updateuser.Designer.cs(16,19): warning CS8981: The type name 'updateuser' only contains lower-cased ascii characters. Such names may become reserved for the language. [/home/ubuntu/pictoflow-Backend/pictoflow-Backend.csproj]
/home/ubuntu/pictoflow-Backend/Migrations/20240522155330_feedback.cs(10,26): warning CS8981: The type name 'feedback' only contains lower-cased ascii characters. Such names may become reserved for the language. [/home/ubuntu/pictoflow-Backend/pictoflow-Backend.csproj]
/home/ubuntu/pictoflow-Backend/Migrations/20240522155330_feedback.Designer.cs(16,19): warning CS8981: The type name 'feedback' only contains lower-cased ascii characters. Such names may become reserved for the language. [/home/ubuntu/pictoflow-Backend/pictoflow-Backend.csproj]
/home/ubuntu/pictoflow-Backend/Services/UserManager.cs(30,37): warning SYSLIB0023: 'RNGCryptoServiceProvider' is obsolete: 'RNGCryptoServiceProvider is obsolete. To generate a random number, use one of the RandomNumberGenerator static methods instead.' (https://aka.ms/dotnet-warnings/SYSLIB0023) [/home/ubuntu/pictoflow-Backend/pictoflow-Backend.csproj]
/home/ubuntu/pictoflow-Backend/Services/UserManager.cs(48,37): warning SYSLIB0023: 'RNGCryptoServiceProvider' is obsolete: 'RNGCryptoServiceProvider is obsolete. To generate a random number, use one of the RandomNumberGenerator static methods instead.' (https://aka.ms/dotnet-warnings/SYSLIB0023) [/home/ubuntu/pictoflow-Backend/pictoflow-Backend.csproj]
/home/ubuntu/pictoflow-Backend/Services/UserManager.cs(75,47): warning CS8604: Possible null reference argument for parameter 's' in 'byte[] Encoding.GetBytes(string s)'. [/home/ubuntu/pictoflow-Backend/pictoflow-Backend.csproj]
/home/ubuntu/pictoflow-Backend/Services/AuthenticationService.cs(23,47): warning CS8604: Possible null reference argument for parameter 's' in 'byte[] Encoding.GetBytes(string s)'. [/home/ubuntu/pictoflow-Backend/pictoflow-Backend.csproj]
/home/ubuntu/pictoflow-Backend/Services/AuthenticationService.cs(41,47): warning CS8604: Possible null reference argument for parameter 's' in 'byte[] Encoding.GetBytes(string s)'. [/home/ubuntu/pictoflow-Backend/pictoflow-Backend.csproj]
/home/ubuntu/pictoflow-Backend/Models/Watermark.cs(7,21): warning CS8618: Non-nullable property 'Photographer' must contain a non-null value when exiting constructor. Consider declaring the property as nullable. [/home/ubuntu/pictoflow-Backend/pictoflow-Backend.csproj]
/home/ubuntu/pictoflow-Backend/Models/Watermark.cs(8,23): warning CS8618: Non-nullable property 'ImagePath' must contain a non-null value when exiting constructor. Consider declaring the property as nullable. [/home/ubuntu/pictoflow-Backend/pictoflow-Backend.csproj]
/home/ubuntu/pictoflow-Backend/Models/Watermark.cs(9,23): warning CS8618: Non-nullable property 'Name' must contain a non-null value when exiting constructor. Consider declaring the property as nullable. [/home/ubuntu/pictoflow-Backend/pictoflow-Backend.csproj]
/home/ubuntu/pictoflow-Backend/Models/User.cs(9,23): warning CS8618: Non-nullable property 'Email' must contain a non-null value when exiting constructor. Consider declaring the property as nullable. [/home/ubuntu/pictoflow-Backend/pictoflow-Backend.csproj]
/home/ubuntu/pictoflow-Backend/Models/User.cs(10,23): warning CS8618: Non-nullable property 'PasswordHash' must contain a non-null value when exiting constructor. Consider declaring the property as nullable. [/home/ubuntu/pictoflow-Backend/pictoflow-Backend.csproj]
/home/ubuntu/pictoflow-Backend/Models/User.cs(11,23): warning CS8618: Non-nullable property 'PasswordSalt' must contain a non-null value when exiting constructor. Consider declaring the property as nullable. [/home/ubuntu/pictoflow-Backend/pictoflow-Backend.csproj]
/home/ubuntu/pictoflow-Backend/Models/Transaction.cs(8,21): warning CS8618: Non-nullable property 'User' must contain a non-null value when exiting constructor. Consider declaring the property as nullable. [/home/ubuntu/pictoflow-Backend/pictoflow-Backend.csproj]
/home/ubuntu/pictoflow-Backend/Models/Transaction.cs(11,23): warning CS8618: Non-nullable property 'Tier' must contain a non-null value when exiting constructor. Consider declaring the property as nullable. [/home/ubuntu/pictoflow-Backend/pictoflow-Backend.csproj]
/home/ubuntu/pictoflow-Backend/Models/Transaction.cs(12,23): warning CS8618: Non-nullable property 'Frequency' must contain a non-null value when exiting constructor. Consider declaring the property as nullable. [/home/ubuntu/pictoflow-Backend/pictoflow-Backend.csproj]
/home/ubuntu/pictoflow-Backend/Models/Photo.cs(8,23): warning CS8618: Non-nullable property 'Title' must contain a non-null value when exiting constructor. Consider declaring the property as nullable. [/home/ubuntu/pictoflow-Backend/pictoflow-Backend.csproj]
/home/ubuntu/pictoflow-Backend/Models/Photo.cs(9,23): warning CS8618: Non-nullable property 'HighResImagePath' must contain a non-null value when exiting constructor. Consider declaring the property as nullable. [/home/ubuntu/pictoflow-Backend/pictoflow-Backend.csproj]
/home/ubuntu/pictoflow-Backend/Models/Photo.cs(10,23): warning CS8618: Non-nullable property 'WatermarkedImagePath' must contain a non-null value when exiting constructor. Consider declaring the property as nullable. [/home/ubuntu/pictoflow-Backend/pictoflow-Backend.csproj]
/home/ubuntu/pictoflow-Backend/Models/Photo.cs(12,21): warning CS8618: Non-nullable property 'User' must contain a non-null value when exiting constructor. Consider declaring the property as nullable. [/home/ubuntu/pictoflow-Backend/pictoflow-Backend.csproj]
/home/ubuntu/pictoflow-Backend/Models/Photo.cs(14,24): warning CS8618: Non-nullable property 'Gallery' must contain a non-null value when exiting constructor. Consider declaring the property as nullable. [/home/ubuntu/pictoflow-Backend/pictoflow-Backend.csproj]
/home/ubuntu/pictoflow-Backend/Models/Gallery.cs(17,21): warning CS8618: Non-nullable property 'Photographer' must contain a non-null value when exiting constructor. Consider declaring the property as nullable. [/home/ubuntu/pictoflow-Backend/pictoflow-Backend.csproj]
/home/ubuntu/pictoflow-Backend/Models/Gallery.cs(19,26): warning CS8618: Non-nullable property 'Watermark' must contain a non-null value when exiting constructor. Consider declaring the property as nullable. [/home/ubuntu/pictoflow-Backend/pictoflow-Backend.csproj]
/home/ubuntu/pictoflow-Backend/Models/Gallery.cs(20,23): warning CS8618: Non-nullable property 'Name' must contain a non-null value when exiting constructor. Consider declaring the property as nullable. [/home/ubuntu/pictoflow-Backend/pictoflow-Backend.csproj]
/home/ubuntu/pictoflow-Backend/Models/Gallery.cs(21,23): warning CS8618: Non-nullable property 'Description' must contain a non-null value when exiting constructor. Consider declaring the property as nullable. [/home/ubuntu/pictoflow-Backend/pictoflow-Backend.csproj]
/home/ubuntu/pictoflow-Backend/Models/Gallery.cs(25,28): warning CS8618: Non-nullable property 'Photos' must contain a non-null value when exiting constructor. Consider declaring the property as nullable. [/home/ubuntu/pictoflow-Backend/pictoflow-Backend.csproj]
/home/ubuntu/pictoflow-Backend/Models/Comment.cs(8,21): warning CS8618: Non-nullable property 'User' must contain a non-null value when exiting constructor. Consider declaring the property as nullable. [/home/ubuntu/pictoflow-Backend/pictoflow-Backend.csproj]
/home/ubuntu/pictoflow-Backend/Models/Comment.cs(10,22): warning CS8618: Non-nullable property 'Photo' must contain a non-null value when exiting constructor. Consider declaring the property as nullable. [/home/ubuntu/pictoflow-Backend/pictoflow-Backend.csproj]
/home/ubuntu/pictoflow-Backend/Models/Comment.cs(11,23): warning CS8618: Non-nullable property 'Content' must contain a non-null value when exiting constructor. Consider declaring the property as nullable. [/home/ubuntu/pictoflow-Backend/pictoflow-Backend.csproj]
/home/ubuntu/pictoflow-Backend/DTOs/GalleryDto.cs(12,19): warning CS8618: Non-nullable property 'Name' must contain a non-null value when exiting constructor. Consider declaring the property as nullable. [/home/ubuntu/pictoflow-Backend/pictoflow-Backend.csproj]
/home/ubuntu/pictoflow-Backend/DTOs/GalleryDto.cs(15,19): warning CS8618: Non-nullable property 'Description' must contain a non-null value when exiting constructor. Consider declaring the property as nullable. [/home/ubuntu/pictoflow-Backend/pictoflow-Backend.csproj]
/home/ubuntu/pictoflow-Backend/Program.cs(15,19): warning CS8602: Dereference of a possibly null reference. [/home/ubuntu/pictoflow-Backend/pictoflow-Backend.csproj]
/home/ubuntu/pictoflow-Backend/Program.cs(68,80): warning CS8604: Possible null reference argument for parameter 's' in 'byte[] Encoding.GetBytes(string s)'. [/home/ubuntu/pictoflow-Backend/pictoflow-Backend.csproj]
/home/ubuntu/pictoflow-Backend/DTOs/passwordDto.cs(3,19): warning CS8618: Non-nullable property 'Password' must contain a non-null value when exiting constructor. Consider declaring the property as nullable. [/home/ubuntu/pictoflow-Backend/pictoflow-Backend.csproj]
/home/ubuntu/pictoflow-Backend/DTOs/passwordDto.cs(4,19): warning CS8618: Non-nullable property 'ConfirmPassword' must contain a non-null value when exiting constructor. Consider declaring the property as nullable. [/home/ubuntu/pictoflow-Backend/pictoflow-Backend.csproj]
/home/ubuntu/pictoflow-Backend/DTOs/passwordDto.cs(5,19): warning CS8618: Non-nullable property 'Token' must contain a non-null value when exiting constructor. Consider declaring the property as nullable. [/home/ubuntu/pictoflow-Backend/pictoflow-Backend.csproj]
/home/ubuntu/pictoflow-Backend/DTOs/WatermarkUpdateDto.cs(5,23): warning CS8618: Non-nullable property 'NewName' must contain a non-null value when exiting constructor. Consider declaring the property as nullable. [/home/ubuntu/pictoflow-Backend/pictoflow-Backend.csproj]
/home/ubuntu/pictoflow-Backend/DTOs/WaterMarkDTO.cs(6,23): warning CS8618: Non-nullable property 'ImagePath' must contain a non-null value when exiting constructor. Consider declaring the property as nullable. [/home/ubuntu/pictoflow-Backend/pictoflow-Backend.csproj]
/home/ubuntu/pictoflow-Backend/DTOs/WaterMarkDTO.cs(7,23): warning CS8618: Non-nullable property 'Name' must contain a non-null value when exiting constructor. Consider declaring the property as nullable. [/home/ubuntu/pictoflow-Backend/pictoflow-Backend.csproj]
/home/ubuntu/pictoflow-Backend/DTOs/UserDto.cs(5,23): warning CS8618: Non-nullable property 'Email' must contain a non-null value when exiting constructor. Consider declaring the property as nullable. [/home/ubuntu/pictoflow-Backend/pictoflow-Backend.csproj]
/home/ubuntu/pictoflow-Backend/DTOs/LoginDto.cs(5,23): warning CS8618: Non-nullable property 'Email' must contain a non-null value when exiting constructor. Consider declaring the property as nullable. [/home/ubuntu/pictoflow-Backend/pictoflow-Backend.csproj]
/home/ubuntu/pictoflow-Backend/DTOs/LoginDto.cs(6,23): warning CS8618: Non-nullable property 'Password' must contain a non-null value when exiting constructor. Consider declaring the property as nullable. [/home/ubuntu/pictoflow-Backend/pictoflow-Backend.csproj]
/home/ubuntu/pictoflow-Backend/Controllers/UsersController.cs(55,47): warning CS8600: Converting null literal or possible null value to non-nullable type. [/home/ubuntu/pictoflow-Backend/pictoflow-Backend.csproj]
/home/ubuntu/pictoflow-Backend/Controllers/UsersController.cs(58,41): warning CS8602: Dereference of a possibly null reference. [/home/ubuntu/pictoflow-Backend/pictoflow-Backend.csproj]
/home/ubuntu/pictoflow-Backend/Controllers/UsersController.cs(70,63): warning CS8600: Converting null literal or possible null value to non-nullable type. [/home/ubuntu/pictoflow-Backend/pictoflow-Backend.csproj]
/home/ubuntu/pictoflow-Backend/Controllers/UsersController.cs(79,33): warning CS8602: Dereference of a possibly null reference. [/home/ubuntu/pictoflow-Backend/pictoflow-Backend.csproj]
/home/ubuntu/pictoflow-Backend/Controllers/GalleryController.cs(52,47): warning CS8604: Possible null reference argument for parameter 'path' in 'DirectoryInfo Directory.CreateDirectory(string path)'. [/home/ubuntu/pictoflow-Backend/pictoflow-Backend.csproj]
/home/ubuntu/pictoflow-Backend/Controllers/GalleryController.cs(53,47): warning CS8604: Possible null reference argument for parameter 'path' in 'DirectoryInfo Directory.CreateDirectory(string path)'. [/home/ubuntu/pictoflow-Backend/pictoflow-Backend.csproj]
/home/ubuntu/pictoflow-Backend/Controllers/GalleryController.cs(69,44): warning CS8604: Possible null reference argument for parameter 's' in 'int int.Parse(string s)'. [/home/ubuntu/pictoflow-Backend/pictoflow-Backend.csproj]
/home/ubuntu/pictoflow-Backend/Controllers/UploadController.cs(181,30): warning CS0168: The variable 'ex' is declared but never used [/home/ubuntu/pictoflow-Backend/pictoflow-Backend.csproj]
warn: Microsoft.AspNetCore.Server.Kestrel[0]
      Overriding address(es) 'http://localhost:5046'. Binding to endpoints defined via IConfiguration and/or UseKestrel() instead.
info: Microsoft.Hosting.Lifetime[14]
      Now listening on: http://[::]:5046
info: Microsoft.Hosting.Lifetime[14]
      Now listening on: https://[::]:5047
info: Microsoft.Hosting.Lifetime[0]
      Application started. Press Ctrl+C to shut down.
info: Microsoft.Hosting.Lifetime[0]
      Hosting environment: Development
info: Microsoft.Hosting.Lifetime[0]
      Content root path: /home/ubuntu/pictoflow-Backend
info: Microsoft.Hosting.Lifetime[0]
      Application is shutting down...
